[28-Jun-2025 13:46:20 America/Sao_Paulo] ERRO Fatal: App\Core\Http\Response::__construct(): Argument #1 ($content) must be of type string, null given, called in C:\laragon\www\PHP-POO\routes-phpoo\App\core\Application.php on line 57 em C:\laragon\www\PHP-POO\routes-phpoo\App\core\Http\Response.php linha 11
[28-Jun-2025 13:46:20 America/Sao_Paulo] PHP Warning:  http_response_code(): Cannot set response code - headers already sent (output started at C:\laragon\www\PHP-POO\routes-phpoo\App\core\View.php:26) in C:\laragon\www\PHP-POO\routes-phpoo\public\index.php on line 31
[28-Jun-2025 13:46:21 America/Sao_Paulo] ERRO Fatal: App\Core\Http\Response::__construct(): Argument #1 ($content) must be of type string, null given, called in C:\laragon\www\PHP-POO\routes-phpoo\App\core\Application.php on line 57 em C:\laragon\www\PHP-POO\routes-phpoo\App\core\Http\Response.php linha 11
[28-Jun-2025 13:46:21 America/Sao_Paulo] PHP Warning:  http_response_code(): Cannot set response code - headers already sent (output started at C:\laragon\www\PHP-POO\routes-phpoo\App\core\View.php:26) in C:\laragon\www\PHP-POO\routes-phpoo\public\index.php on line 31
[28-Jun-2025 13:46:24 America/Sao_Paulo] ERRO Fatal: App\Core\Http\Response::__construct(): Argument #1 ($content) must be of type string, null given, called in C:\laragon\www\PHP-POO\routes-phpoo\App\core\Application.php on line 57 em C:\laragon\www\PHP-POO\routes-phpoo\App\core\Http\Response.php linha 11
[28-Jun-2025 13:46:24 America/Sao_Paulo] PHP Warning:  http_response_code(): Cannot set response code - headers already sent (output started at C:\laragon\www\PHP-POO\routes-phpoo\App\core\View.php:26) in C:\laragon\www\PHP-POO\routes-phpoo\public\index.php on line 31
[28-Jun-2025 13:46:26 America/Sao_Paulo] ERRO Fatal: App\Core\Http\Response::__construct(): Argument #1 ($content) must be of type string, null given, called in C:\laragon\www\PHP-POO\routes-phpoo\App\core\Application.php on line 57 em C:\laragon\www\PHP-POO\routes-phpoo\App\core\Http\Response.php linha 11
[28-Jun-2025 13:46:26 America/Sao_Paulo] PHP Warning:  http_response_code(): Cannot set response code - headers already sent (output started at C:\laragon\www\PHP-POO\routes-phpoo\App\core\View.php:26) in C:\laragon\www\PHP-POO\routes-phpoo\public\index.php on line 31
[28-Jun-2025 13:46:28 America/Sao_Paulo] ERRO Fatal: App\Core\Http\Response::__construct(): Argument #1 ($content) must be of type string, null given, called in C:\laragon\www\PHP-POO\routes-phpoo\App\core\Application.php on line 57 em C:\laragon\www\PHP-POO\routes-phpoo\App\core\Http\Response.php linha 11
[28-Jun-2025 13:46:28 America/Sao_Paulo] PHP Warning:  http_response_code(): Cannot set response code - headers already sent (output started at C:\laragon\www\PHP-POO\routes-phpoo\App\core\View.php:26) in C:\laragon\www\PHP-POO\routes-phpoo\public\index.php on line 31
[28-Jun-2025 13:46:36 America/Sao_Paulo] ERRO Fatal: App\Core\Http\Response::__construct(): Argument #1 ($content) must be of type string, null given, called in C:\laragon\www\PHP-POO\routes-phpoo\App\core\Application.php on line 57 em C:\laragon\www\PHP-POO\routes-phpoo\App\core\Http\Response.php linha 11
[28-Jun-2025 13:46:36 America/Sao_Paulo] PHP Warning:  http_response_code(): Cannot set response code - headers already sent (output started at C:\laragon\www\PHP-POO\routes-phpoo\App\core\View.php:26) in C:\laragon\www\PHP-POO\routes-phpoo\public\index.php on line 31
[28-Jun-2025 13:48:10 America/Sao_Paulo] ERRO Fatal: App\Core\Http\Response::__construct(): Argument #1 ($content) must be of type string, null given, called in C:\laragon\www\PHP-POO\routes-phpoo\App\core\Application.php on line 57 em C:\laragon\www\PHP-POO\routes-phpoo\App\core\Http\Response.php linha 11
[28-Jun-2025 16:48:48 UTC] PHP Warning:  require(C:\laragon\www\PHP-POO\routes-phpoo\vendor\composer/../../app/helpers/validations.php): Failed to open stream: No such file or directory in C:\laragon\www\PHP-POO\routes-phpoo\vendor\composer\autoload_real.php on line 41
[28-Jun-2025 16:48:48 UTC] ERRO Fatal: Failed opening required 'C:\laragon\www\PHP-POO\routes-phpoo\vendor\composer/../../app/helpers/validations.php' (include_path='.;C:/laragon/etc/php/pear') em C:\laragon\www\PHP-POO\routes-phpoo\vendor\composer\autoload_real.php linha 41
[28-Jun-2025 16:49:19 UTC] PHP Warning:  require(C:\laragon\www\PHP-POO\routes-phpoo\vendor\composer/../../app/helpers/validations.php): Failed to open stream: No such file or directory in C:\laragon\www\PHP-POO\routes-phpoo\vendor\composer\autoload_real.php on line 41
[28-Jun-2025 16:49:19 UTC] ERRO Fatal: Failed opening required 'C:\laragon\www\PHP-POO\routes-phpoo\vendor\composer/../../app/helpers/validations.php' (include_path='.;C:/laragon/etc/php/pear') em C:\laragon\www\PHP-POO\routes-phpoo\vendor\composer\autoload_real.php linha 41
[28-Jun-2025 16:49:29 UTC] PHP Warning:  require(C:\laragon\www\PHP-POO\routes-phpoo\vendor\composer/../../app/helpers/validations.php): Failed to open stream: No such file or directory in C:\laragon\www\PHP-POO\routes-phpoo\vendor\composer\autoload_real.php on line 41
[28-Jun-2025 16:49:29 UTC] ERRO Fatal: Failed opening required 'C:\laragon\www\PHP-POO\routes-phpoo\vendor\composer/../../app/helpers/validations.php' (include_path='.;C:/laragon/etc/php/pear') em C:\laragon\www\PHP-POO\routes-phpoo\vendor\composer\autoload_real.php linha 41
[28-Jun-2025 13:50:09 America/Sao_Paulo] ERRO Fatal: App\Core\Http\Response::__construct(): Argument #1 ($content) must be of type string, null given, called in C:\laragon\www\PHP-POO\routes-phpoo\App\core\Application.php on line 57 em C:\laragon\www\PHP-POO\routes-phpoo\App\core\Http\Response.php linha 11
[28-Jun-2025 13:54:30 America/Sao_Paulo] ERRO Exception: Unable to resolve dependency [config] em C:\laragon\www\PHP-POO\routes-phpoo\App\core\Container\Container.php linha 108
